2011-08-04 17:22:36 Warning: Warning (512): <span style="color:Red;text-align:left"><b>SQL Error:</b> 1054: Unknown column 'User.username' in 'where clause'</span> in [C:\wamp\www\cakephp\cake\libs\model\datasources\dbo_source.php, line 684]
2011-08-04 17:22:36 Warning: Warning (512): <span style="color:Red;text-align:left"><b>SQL Error:</b> 1054: Unknown column 'User.username' in 'field list'</span> in [C:\wamp\www\cakephp\cake\libs\model\datasources\dbo_source.php, line 684]
2011-08-04 19:21:49 Warning: Warning (512): <span style="color:Red;text-align:left"><b>SQL Error:</b> 1054: Unknown column 'Status.status_id' in 'on clause'</span> in [C:\wamp\www\cakephp\cake\libs\model\datasources\dbo_source.php, line 684]
2011-08-04 19:25:38 Warning: Warning (512): <span style="color:Red;text-align:left"><b>SQL Error:</b> 1054: Unknown column 'Status.status_id' in 'on clause'</span> in [C:\wamp\www\cakephp\cake\libs\model\datasources\dbo_source.php, line 684]
2011-08-04 19:52:03 Warning: Warning (512): <span style="color:Red;text-align:left"><b>SQL Error:</b> 1054: Unknown column 'Status.status_id' in 'on clause'</span> in [C:\wamp\www\cakephp\cake\libs\model\datasources\dbo_source.php, line 684]
2011-08-04 19:52:03 Warning: Warning (2): Invalid argument supplied for foreach() in [C:\wamp\www\cakephp\app\views\popover_ads\index.ctp, line 20]
2011-08-04 19:53:19 Warning: Warning (512): <span style="color:Red;text-align:left"><b>SQL Error:</b> 1054: Unknown column 'Status.status_id' in 'on clause'</span> in [C:\wamp\www\cakephp\cake\libs\model\datasources\dbo_source.php, line 684]
2011-08-04 19:53:19 Warning: Warning (2): Invalid argument supplied for foreach() in [C:\wamp\www\cakephp\app\views\popover_ads\index.ctp, line 20]
2011-08-04 19:57:11 Warning: Warning (512): <span style="color:Red;text-align:left"><b>SQL Error:</b> 1054: Unknown column 'Status.status_id' in 'on clause'</span> in [C:\wamp\www\cakephp\cake\libs\model\datasources\dbo_source.php, line 684]
2011-08-04 19:57:11 Warning: Warning (2): Invalid argument supplied for foreach() in [C:\wamp\www\cakephp\app\views\popover_ads\index.ctp, line 20]
2011-08-04 19:58:38 Warning: Warning (512): <span style="color:Red;text-align:left"><b>SQL Error:</b> 1054: Unknown column 'Status.status_id' in 'on clause'</span> in [C:\wamp\www\cakephp\cake\libs\model\datasources\dbo_source.php, line 684]
2011-08-04 19:58:38 Warning: Warning (2): Invalid argument supplied for foreach() in [C:\wamp\www\cakephp\app\views\popover_ads\index.ctp, line 20]
2011-08-04 20:02:28 Warning: Warning (512): <span style="color:Red;text-align:left"><b>SQL Error:</b> 1054: Unknown column 'Status.status_id' in 'on clause'</span> in [C:\wamp\www\cakephp\cake\libs\model\datasources\dbo_source.php, line 684]
2011-08-04 20:02:28 Warning: Warning (2): Invalid argument supplied for foreach() in [C:\wamp\www\cakephp\app\views\popover_ads\index.ctp, line 20]
2011-08-04 20:03:46 Warning: Warning (512): <span style="color:Red;text-align:left"><b>SQL Error:</b> 1054: Unknown column 'Status.status_id' in 'on clause'</span> in [C:\wamp\www\cakephp\cake\libs\model\datasources\dbo_source.php, line 684]
2011-08-04 20:03:46 Warning: Warning (2): Invalid argument supplied for foreach() in [C:\wamp\www\cakephp\app\views\popover_ads\index.ctp, line 20]
2011-08-04 20:03:55 Warning: Warning (512): <span style="color:Red;text-align:left"><b>SQL Error:</b> 1054: Unknown column 'Status.status_id' in 'on clause'</span> in [C:\wamp\www\cakephp\cake\libs\model\datasources\dbo_source.php, line 684]
2011-08-04 20:03:55 Warning: Warning (2): Invalid argument supplied for foreach() in [C:\wamp\www\cakephp\app\views\archive_feeds\index.ctp, line 22]
2011-08-04 20:09:24 Warning: Warning (512): <span style="color:Red;text-align:left"><b>SQL Error:</b> 1054: Unknown column 'Status.status_id' in 'on clause'</span> in [C:\wamp\www\cakephp\cake\libs\model\datasources\dbo_source.php, line 684]
2011-08-04 20:09:24 Warning: Warning (2): Invalid argument supplied for foreach() in [C:\wamp\www\cakephp\app\views\livestream_feeds\index.ctp, line 22]
2011-08-04 20:10:26 Warning: Warning (512): <span style="color:Red;text-align:left"><b>SQL Error:</b> 1054: Unknown column 'Status.status_id' in 'on clause'</span> in [C:\wamp\www\cakephp\cake\libs\model\datasources\dbo_source.php, line 684]
2011-08-04 20:10:26 Warning: Warning (2): Invalid argument supplied for foreach() in [C:\wamp\www\cakephp\app\views\livestream_feeds\index.ctp, line 22]
2011-08-04 20:10:31 Warning: Warning (512): <span style="color:Red;text-align:left"><b>SQL Error:</b> 1054: Unknown column 'Status.status_id' in 'on clause'</span> in [C:\wamp\www\cakephp\cake\libs\model\datasources\dbo_source.php, line 684]
2011-08-04 20:10:31 Warning: Warning (2): Invalid argument supplied for foreach() in [C:\wamp\www\cakephp\app\views\livestream_feeds\index.ctp, line 22]
2011-08-04 20:10:47 Warning: Warning (512): <span style="color:Red;text-align:left"><b>SQL Error:</b> 1054: Unknown column 'Statuses.status_id' in 'on clause'</span> in [C:\wamp\www\cakephp\cake\libs\model\datasources\dbo_source.php, line 684]
2011-08-04 20:10:47 Warning: Warning (2): Invalid argument supplied for foreach() in [C:\wamp\www\cakephp\app\views\livestream_feeds\index.ctp, line 22]
2011-08-04 20:12:15 Warning: Warning (512): <span style="color:Red;text-align:left"><b>SQL Error:</b> 1054: Unknown column 'statuses.status_id' in 'on clause'</span> in [C:\wamp\www\cakephp\cake\libs\model\datasources\dbo_source.php, line 684]
2011-08-04 20:12:15 Warning: Warning (2): Invalid argument supplied for foreach() in [C:\wamp\www\cakephp\app\views\livestream_feeds\index.ctp, line 22]
2011-08-04 20:19:17 Warning: Warning (512): <span style="color:Red;text-align:left"><b>SQL Error:</b> 1054: Unknown column 'Status.status_id' in 'on clause'</span> in [C:\wamp\www\cakephp\cake\libs\model\datasources\dbo_source.php, line 684]
2011-08-04 20:19:17 Warning: Warning (2): Invalid argument supplied for foreach() in [C:\wamp\www\cakephp\app\views\popover_ads\index.ctp, line 20]
2011-08-04 20:19:57 Warning: Warning (512): <span style="color:Red;text-align:left"><b>SQL Error:</b> 1054: Unknown column 'Status.status_id' in 'on clause'</span> in [C:\wamp\www\cakephp\cake\libs\model\datasources\dbo_source.php, line 684]
2011-08-04 20:19:57 Warning: Warning (2): Invalid argument supplied for foreach() in [C:\wamp\www\cakephp\app\views\popover_ads\index.ctp, line 20]
2011-08-04 20:20:01 Warning: Warning (512): <span style="color:Red;text-align:left"><b>SQL Error:</b> 1054: Unknown column 'Status.status_id' in 'on clause'</span> in [C:\wamp\www\cakephp\cake\libs\model\datasources\dbo_source.php, line 684]
2011-08-04 20:20:01 Warning: Warning (2): Invalid argument supplied for foreach() in [C:\wamp\www\cakephp\app\views\popover_ads\index.ctp, line 20]
2011-08-04 20:25:13 Warning: Warning (512): <span style="color:Red;text-align:left"><b>SQL Error:</b> 1054: Unknown column 'LeftIcon.left_icon_id' in 'on clause'</span> in [C:\wamp\www\cakephp\cake\libs\model\datasources\dbo_source.php, line 684]
2011-08-04 20:25:13 Warning: Warning (2): Invalid argument supplied for foreach() in [C:\wamp\www\cakephp\app\views\archive_feeds\index.ctp, line 22]
2011-08-04 20:26:47 Warning: Warning (512): <span style="color:Red;text-align:left"><b>SQL Error:</b> 1054: Unknown column 'Category.category_id' in 'on clause'</span> in [C:\wamp\www\cakephp\cake\libs\model\datasources\dbo_source.php, line 684]
2011-08-04 20:26:47 Warning: Warning (2): Invalid argument supplied for foreach() in [C:\wamp\www\cakephp\app\views\archive_feeds\index.ctp, line 22]
2011-08-08 17:07:26 Warning: Warning (512): <span style="color:Red;text-align:left"><b>SQL Error:</b> 1064: You have an error in your SQL syntax; check the manual that corresponds to your MySQL server version for the right syntax to use near 'findAll' at line 1</span> in [C:\wamp\www\NascarACCPlayer\backend\cake\libs\model\datasources\dbo_source.php, line 684]
2011-08-08 17:19:34 Warning: Warning (512): <span style="color:Red;text-align:left"><b>SQL Error:</b> 1064: You have an error in your SQL syntax; check the manual that corresponds to your MySQL server version for the right syntax to use near 'generateList' at line 1</span> in [C:\wamp\www\NascarACCPlayer\backend\cake\libs\model\datasources\dbo_source.php, line 684]
2011-08-08 17:34:03 Warning: Warning (512): <span style="color:Red;text-align:left"><b>SQL Error:</b> 1064: You have an error in your SQL syntax; check the manual that corresponds to your MySQL server version for the right syntax to use near 'generateList' at line 1</span> in [C:\wamp\www\NascarACCPlayer\backend\cake\libs\model\datasources\dbo_source.php, line 684]
2011-08-08 17:39:20 Warning: Warning (512): <span style="color:Red;text-align:left"><b>SQL Error:</b> 1064: You have an error in your SQL syntax; check the manual that corresponds to your MySQL server version for the right syntax to use near 'list' at line 1</span> in [C:\wamp\www\NascarACCPlayer\backend\cake\libs\model\datasources\dbo_source.php, line 684]
2011-08-08 17:44:51 Warning: Warning (512): <span style="color:Red;text-align:left"><b>SQL Error:</b> 1064: You have an error in your SQL syntax; check the manual that corresponds to your MySQL server version for the right syntax to use near 'list' at line 1</span> in [C:\wamp\www\NascarACCPlayer\backend\cake\libs\model\datasources\dbo_source.php, line 684]
2011-08-08 17:45:32 Warning: Warning (512): <span style="color:Red;text-align:left"><b>SQL Error:</b> 1064: You have an error in your SQL syntax; check the manual that corresponds to your MySQL server version for the right syntax to use near 'generateList' at line 1</span> in [C:\wamp\www\NascarACCPlayer\backend\cake\libs\model\datasources\dbo_source.php, line 684]
2011-08-08 18:34:36 Warning: Warning (512): <span style="color:Red;text-align:left"><b>SQL Error:</b> 1054: Unknown column 'LeftIcon.left_icon_id' in 'on clause'</span> in [C:\wamp\www\NascarACCPlayer\backend\cake\libs\model\datasources\dbo_source.php, line 684]
2011-08-08 18:34:36 Warning: Warning (2): Invalid argument supplied for foreach() in [C:\wamp\www\NascarACCPlayer\backend\app\views\archive_feeds\index.ctp, line 22]
2011-08-08 19:09:47 Warning: Warning (512): <span style="color:Red;text-align:left"><b>SQL Error:</b> 1054: Unknown column 'LeftIcon.left_icon_id' in 'on clause'</span> in [C:\wamp\www\NascarACCPlayer\backend\cake\libs\model\datasources\dbo_source.php, line 684]
2011-08-08 19:09:47 Warning: Warning (2): Invalid argument supplied for foreach() in [C:\wamp\www\NascarACCPlayer\backend\app\views\archive_feeds\index.ctp, line 22]
2011-08-08 20:47:03 Warning: Warning (2): Invalid argument supplied for foreach() in [C:\wamp\www\NascarACCPlayer\backend\app\views\livestream_feeds\index.ctp, line 22]
2011-08-08 20:47:19 Warning: Warning (2): Invalid argument supplied for foreach() in [C:\wamp\www\NascarACCPlayer\backend\app\views\livestream_feeds\index.ctp, line 22]
2011-08-08 23:08:09 Warning: Warning (512): <span style="color:Red;text-align:left"><b>SQL Error:</b> 1054: Unknown column 'Status.status_id' in 'on clause'</span> in [C:\wamp\www\NascarACCPlayer\backend\cake\libs\model\datasources\dbo_source.php, line 684]
2011-08-08 23:08:09 Warning: Warning (2): Invalid argument supplied for foreach() in [C:\wamp\www\NascarACCPlayer\backend\app\views\livestream_feeds\index.ctp, line 22]
2011-08-08 23:16:28 Warning: Warning (512): <span style="color:Red;text-align:left"><b>SQL Error:</b> 1054: Unknown column 'Status.status_id' in 'on clause'</span> in [C:\wamp\www\NascarACCPlayer\backend\cake\libs\model\datasources\dbo_source.php, line 684]
2011-08-08 23:16:28 Warning: Warning (2): Invalid argument supplied for foreach() in [C:\wamp\www\NascarACCPlayer\backend\app\views\livestream_feeds\index.ctp, line 22]
2011-08-08 23:48:40 Warning: Warning (512): <span style="color:Red;text-align:left"><b>SQL Error:</b> 1054: Unknown column 'TeamIcon.id' in 'on clause'</span> in [C:\wamp\www\NascarACCPlayer\backend\cake\libs\model\datasources\dbo_source.php, line 684]
2011-08-08 23:48:41 Warning: Warning (2): Invalid argument supplied for foreach() in [C:\wamp\www\NascarACCPlayer\backend\app\views\livestream_feeds\index.ctp, line 22]
2011-08-09 00:13:40 Warning: Warning (512): <span style="color:Red;text-align:left"><b>SQL Error:</b> 1054: Unknown column 'LivestreamFeed.status_id' in 'on clause'</span> in [C:\wamp\www\NascarACCPlayer\backend\cake\libs\model\datasources\dbo_source.php, line 684]
2011-08-09 00:13:40 Warning: Warning (2): Invalid argument supplied for foreach() in [C:\wamp\www\NascarACCPlayer\backend\app\views\archive_feeds\index.ctp, line 22]
2011-08-09 00:23:39 Warning: Warning (512): <span style="color:Red;text-align:left"><b>SQL Error:</b> 1054: Unknown column 'LivestreamFeed.status_id' in 'on clause'</span> in [C:\wamp\www\NascarACCPlayer\backend\cake\libs\model\datasources\dbo_source.php, line 684]
2011-08-09 00:23:39 Warning: Warning (2): Invalid argument supplied for foreach() in [C:\wamp\www\NascarACCPlayer\backend\app\views\preroll_ads\index.ctp, line 19]
